<?xml version="1.0" encoding="UTF-8"?>
<testng-results skipped="0" failed="0" total="2" passed="2">
  <reporter-output>
  </reporter-output>
  <suite name="Demo suite" duration-ms="11865" started-at="2018-06-19T12:01:44Z" finished-at="2018-06-19T12:01:56Z">
    <groups>
    </groups>
    <test name="Demo Test 1" duration-ms="11865" started-at="2018-06-19T12:01:44Z" finished-at="2018-06-19T12:01:56Z">
      <class name="com.parabank.RegisterToParabank">
        <test-method status="PASS" signature="initializeReport()[pri:0, instance:com.parabank.RegisterToParabank@149dace]" name="initializeReport" is-config="true" duration-ms="58" started-at="2018-06-19T17:31:44Z" finished-at="2018-06-19T17:31:44Z">
          <reporter-output>
          </reporter-output>
        </test-method> <!-- initializeReport -->
        <test-method status="PASS" signature="startReport()[pri:0, instance:com.parabank.RegisterToParabank@149dace]" name="startReport" is-config="true" duration-ms="77" started-at="2018-06-19T17:31:44Z" finished-at="2018-06-19T17:31:44Z">
          <reporter-output>
          </reporter-output>
        </test-method> <!-- startReport -->
        <test-method status="PASS" signature="beforeTest(java.lang.String)[pri:0, instance:com.parabank.RegisterToParabank@149dace]" name="beforeTest" is-config="true" duration-ms="8093" started-at="2018-06-19T17:31:44Z" finished-at="2018-06-19T17:31:52Z">
          <params>
            <param index="0">
              <value>
                <![CDATA[chrome]]>
              </value>
            </param>
          </params>
          <reporter-output>
          </reporter-output>
        </test-method> <!-- beforeTest -->
        <test-method status="PASS" signature="loginToParabank()[pri:0, instance:com.parabank.RegisterToParabank@149dace]" name="loginToParabank" duration-ms="2480" started-at="2018-06-19T17:31:52Z" finished-at="2018-06-19T17:31:54Z">
          <reporter-output>
          </reporter-output>
        </test-method> <!-- loginToParabank -->
        <test-method status="PASS" signature="registerToParabank()[pri:0, instance:com.parabank.RegisterToParabank@149dace]" name="registerToParabank" duration-ms="716" started-at="2018-06-19T17:31:54Z" finished-at="2018-06-19T17:31:55Z">
          <reporter-output>
          </reporter-output>
        </test-method> <!-- registerToParabank -->
        <test-method status="PASS" signature="afterTest()[pri:0, instance:com.parabank.RegisterToParabank@149dace]" name="afterTest" is-config="true" duration-ms="299" started-at="2018-06-19T17:31:55Z" finished-at="2018-06-19T17:31:55Z">
          <reporter-output>
          </reporter-output>
        </test-method> <!-- afterTest -->
        <test-method status="PASS" signature="endReport()[pri:0, instance:com.parabank.RegisterToParabank@149dace]" name="endReport" is-config="true" duration-ms="189" started-at="2018-06-19T17:31:55Z" finished-at="2018-06-19T17:31:56Z">
          <reporter-output>
          </reporter-output>
        </test-method> <!-- endReport -->
      </class> <!-- com.parabank.RegisterToParabank -->
    </test> <!-- Demo Test 1 -->
  </suite> <!-- Demo suite -->
</testng-results>
